The system is: Linux - 3.10.0-229.11.1.el7.x86_64 - x86_64
Compiling the C compiler identification source file "CMakeCCompilerId.c" succeeded.
Compiler: /usr/bin/cc 
Build flags: 
Id flags: 

The output was:
0


Compilation of the C compiler identification source "CMakeCCompilerId.c" produced "a.out"

The C compiler identification is GNU, found in "/home/s0923330/Datastore/LSD_local/driver_functions_FJC/floodplain_id/build/CMakeFiles/2.8.11/CompilerIdC/a.out"

Compiling the CXX compiler identification source file "CMakeCXXCompilerId.cpp" succeeded.
Compiler: /usr/bin/c++ 
Build flags: ;-Wno-invalid-offsetof
Id flags: 

The output was:
0


Compilation of the CXX compiler identification source "CMakeCXXCompilerId.cpp" produced "a.out"

The CXX compiler identification is GNU, found in "/home/s0923330/Datastore/LSD_local/driver_functions_FJC/floodplain_id/build/CMakeFiles/2.8.11/CompilerIdCXX/a.out"

Determining if the C compiler works passed with the following output:
Change Dir: /home/s0923330/Datastore/LSD_local/driver_functions_FJC/floodplain_id/build/CMakeFiles/CMakeTmp

Run Build Command:/usr/bin/gmake "cmTryCompileExec2949825514/fast"
/usr/bin/gmake -f CMakeFiles/cmTryCompileExec2949825514.dir/build.make CMakeFiles/cmTryCompileExec2949825514.dir/build
gmake[1]: Entering directory `/exports/csce/datastore/geos/users/s0923330/LSD_local/driver_functions_FJC/floodplain_id/build/CMakeFiles/CMakeTmp'
gmake[1]: Warning: File `CMakeFiles/cmTryCompileExec2949825514.dir/progress.make' has modification time 0.0014 s in the future
/usr/bin/cmake -E cmake_progress_report /home/s0923330/Datastore/LSD_local/driver_functions_FJC/floodplain_id/build/CMakeFiles/CMakeTmp/CMakeFiles 1
Building C object CMakeFiles/cmTryCompileExec2949825514.dir/testCCompiler.c.o
/usr/bin/cc    -o CMakeFiles/cmTryCompileExec2949825514.dir/testCCompiler.c.o   -c /home/s0923330/Datastore/LSD_local/driver_functions_FJC/floodplain_id/build/CMakeFiles/CMakeTmp/testCCompiler.c
Linking C executable cmTryCompileExec2949825514
/usr/bin/cmake -E cmake_link_script CMakeFiles/cmTryCompileExec2949825514.dir/link.txt --verbose=1
/usr/bin/cc         CMakeFiles/cmTryCompileExec2949825514.dir/testCCompiler.c.o  -o cmTryCompileExec2949825514 -rdynamic 
gmake[1]: warning:  Clock skew detected.  Your build may be incomplete.
gmake[1]: Leaving directory `/exports/csce/datastore/geos/users/s0923330/LSD_local/driver_functions_FJC/floodplain_id/build/CMakeFiles/CMakeTmp'


Detecting C compiler ABI info compiled with the following output:
Change Dir: /home/s0923330/Datastore/LSD_local/driver_functions_FJC/floodplain_id/build/CMakeFiles/CMakeTmp

Run Build Command:/usr/bin/gmake "cmTryCompileExec2091595818/fast"
/usr/bin/gmake -f CMakeFiles/cmTryCompileExec2091595818.dir/build.make CMakeFiles/cmTryCompileExec2091595818.dir/build
gmake[1]: Entering directory `/exports/csce/datastore/geos/users/s0923330/LSD_local/driver_functions_FJC/floodplain_id/build/CMakeFiles/CMakeTmp'
/usr/bin/cmake -E cmake_progress_report /home/s0923330/Datastore/LSD_local/driver_functions_FJC/floodplain_id/build/CMakeFiles/CMakeTmp/CMakeFiles 1
Building C object CMakeFiles/cmTryCompileExec2091595818.dir/CMakeCCompilerABI.c.o
/usr/bin/cc    -o CMakeFiles/cmTryCompileExec2091595818.dir/CMakeCCompilerABI.c.o   -c /usr/share/cmake/Modules/CMakeCCompilerABI.c
Linking C executable cmTryCompileExec2091595818
/usr/bin/cmake -E cmake_link_script CMakeFiles/cmTryCompileExec2091595818.dir/link.txt --verbose=1
/usr/bin/cc       -v CMakeFiles/cmTryCompileExec2091595818.dir/CMakeCCompilerABI.c.o  -o cmTryCompileExec2091595818 -rdynamic  
Using built-in specs.
COLLECT_GCC=/usr/bin/cc
COLLECT_LTO_WRAPPER=/usr/libexec/gcc/x86_64-redhat-linux/4.8.3/lto-wrapper
Target: x86_64-redhat-linux
Configured with: ../configure --prefix=/usr --mandir=/usr/share/man --infodir=/usr/share/info --with-bugurl=http://bugzilla.redhat.com/bugzilla --enable-bootstrap --enable-shared --enable-threads=posix --enable-checking=release --with-system-zlib --enable-__cxa_atexit --disable-libunwind-exceptions --enable-gnu-unique-object --enable-linker-build-id --with-linker-hash-style=gnu --enable-languages=c,c++,objc,obj-c++,java,fortran,ada,go,lto --enable-plugin --enable-initfini-array --disable-libgcj --with-isl=/builddir/build/BUILD/gcc-4.8.3-20140911/obj-x86_64-redhat-linux/isl-install --with-cloog=/builddir/build/BUILD/gcc-4.8.3-20140911/obj-x86_64-redhat-linux/cloog-install --enable-gnu-indirect-function --with-tune=generic --with-arch_32=x86-64 --build=x86_64-redhat-linux
Thread model: posix
gcc version 4.8.3 20140911 (Red Hat 4.8.3-9) (GCC) 
COMPILER_PATH=/usr/libexec/gcc/x86_64-redhat-linux/4.8.3/:/usr/libexec/gcc/x86_64-redhat-linux/4.8.3/:/usr/libexec/gcc/x86_64-redhat-linux/:/usr/lib/gcc/x86_64-redhat-linux/4.8.3/:/usr/lib/gcc/x86_64-redhat-linux/
LIBRARY_PATH=/usr/lib/gcc/x86_64-redhat-linux/4.8.3/:/usr/lib/gcc/x86_64-redhat-linux/4.8.3/../../../../lib64/:/lib/../lib64/:/usr/lib/../lib64/:/geos/usrgeos/intel/Compiler/xe2016/compilers_and_libraries_2016.0.109/linux/compiler/lib/intel64_lin/:/geos/usrgeos/intel/Compiler/xe2016/compilers_and_libraries_2016.0.109/linux/tbb/lib/intel64/gcc4.4/:/geos/usrgeos/intel/Compiler/xe2016/compilers_and_libraries_2016.0.109/linux/mkl/lib/intel64/:/geos/usrgeos/intel/Compiler/xe2016/compilers_and_libraries_2016.0.109/linux/ipp/lib/intel64/:/geos/usrgeos/intel/Compiler/xe2016/compilers_and_libraries_2016.0.109/linux/compiler/lib/intel64/:/usr/lib/gcc/x86_64-redhat-linux/4.8.3/../../../:/lib/:/usr/lib/
COLLECT_GCC_OPTIONS='-v' '-o' 'cmTryCompileExec2091595818' '-rdynamic' '-mtune=generic' '-march=x86-64'
 /usr/libexec/gcc/x86_64-redhat-linux/4.8.3/collect2 --build-id --no-add-needed --eh-frame-hdr --hash-style=gnu -m elf_x86_64 -export-dynamic -dynamic-linker /lib64/ld-linux-x86-64.so.2 -o cmTryCompileExec2091595818 /usr/lib/gcc/x86_64-redhat-linux/4.8.3/../../../../lib64/crt1.o /usr/lib/gcc/x86_64-redhat-linux/4.8.3/../../../../lib64/crti.o /usr/lib/gcc/x86_64-redhat-linux/4.8.3/crtbegin.o -L/usr/lib/gcc/x86_64-redhat-linux/4.8.3 -L/usr/lib/gcc/x86_64-redhat-linux/4.8.3/../../../../lib64 -L/lib/../lib64 -L/usr/lib/../lib64 -L/geos/usrgeos/intel/Compiler/xe2016/compilers_and_libraries_2016.0.109/linux/compiler/lib/intel64_lin -L/geos/usrgeos/intel/Compiler/xe2016/compilers_and_libraries_2016.0.109/linux/tbb/lib/intel64/gcc4.4 -L/geos/usrgeos/intel/Compiler/xe2016/compilers_and_libraries_2016.0.109/linux/mkl/lib/intel64 -L/geos/usrgeos/intel/Compiler/xe2016/compilers_and_libraries_2016.0.109/linux/ipp/lib/intel64 -L/geos/usrgeos/intel/Compiler/xe2016/compilers_and_libraries_2016.0.109/linux/compiler/lib/intel64 -L/usr/lib/gcc/x86_64-redhat-linux/4.8.3/../../.. CMakeFiles/cmTryCompileExec2091595818.dir/CMakeCCompilerABI.c.o -lgcc --as-needed -lgcc_s --no-as-needed -lc -lgcc --as-needed -lgcc_s --no-as-needed /usr/lib/gcc/x86_64-redhat-linux/4.8.3/crtend.o /usr/lib/gcc/x86_64-redhat-linux/4.8.3/../../../../lib64/crtn.o
gmake[1]: Leaving directory `/exports/csce/datastore/geos/users/s0923330/LSD_local/driver_functions_FJC/floodplain_id/build/CMakeFiles/CMakeTmp'


Parsed C implicit link information from above output:
  link line regex: [^( *|.*[/\])(ld|ld|collect2)[^/\]*( |$)]
  ignore line: [Change Dir: /home/s0923330/Datastore/LSD_local/driver_functions_FJC/floodplain_id/build/CMakeFiles/CMakeTmp]
  ignore line: []
  ignore line: [Run Build Command:/usr/bin/gmake "cmTryCompileExec2091595818/fast"]
  ignore line: [/usr/bin/gmake -f CMakeFiles/cmTryCompileExec2091595818.dir/build.make CMakeFiles/cmTryCompileExec2091595818.dir/build]
  ignore line: [gmake[1]: Entering directory `/exports/csce/datastore/geos/users/s0923330/LSD_local/driver_functions_FJC/floodplain_id/build/CMakeFiles/CMakeTmp']
  ignore line: [/usr/bin/cmake -E cmake_progress_report /home/s0923330/Datastore/LSD_local/driver_functions_FJC/floodplain_id/build/CMakeFiles/CMakeTmp/CMakeFiles 1]
  ignore line: [Building C object CMakeFiles/cmTryCompileExec2091595818.dir/CMakeCCompilerABI.c.o]
  ignore line: [/usr/bin/cc    -o CMakeFiles/cmTryCompileExec2091595818.dir/CMakeCCompilerABI.c.o   -c /usr/share/cmake/Modules/CMakeCCompilerABI.c]
  ignore line: [Linking C executable cmTryCompileExec2091595818]
  ignore line: [/usr/bin/cmake -E cmake_link_script CMakeFiles/cmTryCompileExec2091595818.dir/link.txt --verbose=1]
  ignore line: [/usr/bin/cc       -v CMakeFiles/cmTryCompileExec2091595818.dir/CMakeCCompilerABI.c.o  -o cmTryCompileExec2091595818 -rdynamic  ]
  ignore line: [Using built-in specs.]
  ignore line: [COLLECT_GCC=/usr/bin/cc]
  ignore line: [COLLECT_LTO_WRAPPER=/usr/libexec/gcc/x86_64-redhat-linux/4.8.3/lto-wrapper]
  ignore line: [Target: x86_64-redhat-linux]
  ignore line: [Configured with: ../configure --prefix=/usr --mandir=/usr/share/man --infodir=/usr/share/info --with-bugurl=http://bugzilla.redhat.com/bugzilla --enable-bootstrap --enable-shared --enable-threads=posix --enable-checking=release --with-system-zlib --enable-__cxa_atexit --disable-libunwind-exceptions --enable-gnu-unique-object --enable-linker-build-id --with-linker-hash-style=gnu --enable-languages=c,c++,objc,obj-c++,java,fortran,ada,go,lto --enable-plugin --enable-initfini-array --disable-libgcj --with-isl=/builddir/build/BUILD/gcc-4.8.3-20140911/obj-x86_64-redhat-linux/isl-install --with-cloog=/builddir/build/BUILD/gcc-4.8.3-20140911/obj-x86_64-redhat-linux/cloog-install --enable-gnu-indirect-function --with-tune=generic --with-arch_32=x86-64 --build=x86_64-redhat-linux]
  ignore line: [Thread model: posix]
  ignore line: [gcc version 4.8.3 20140911 (Red Hat 4.8.3-9) (GCC) ]
  ignore line: [COMPILER_PATH=/usr/libexec/gcc/x86_64-redhat-linux/4.8.3/:/usr/libexec/gcc/x86_64-redhat-linux/4.8.3/:/usr/libexec/gcc/x86_64-redhat-linux/:/usr/lib/gcc/x86_64-redhat-linux/4.8.3/:/usr/lib/gcc/x86_64-redhat-linux/]
  ignore line: [LIBRARY_PATH=/usr/lib/gcc/x86_64-redhat-linux/4.8.3/:/usr/lib/gcc/x86_64-redhat-linux/4.8.3/../../../../lib64/:/lib/../lib64/:/usr/lib/../lib64/:/geos/usrgeos/intel/Compiler/xe2016/compilers_and_libraries_2016.0.109/linux/compiler/lib/intel64_lin/:/geos/usrgeos/intel/Compiler/xe2016/compilers_and_libraries_2016.0.109/linux/tbb/lib/intel64/gcc4.4/:/geos/usrgeos/intel/Compiler/xe2016/compilers_and_libraries_2016.0.109/linux/mkl/lib/intel64/:/geos/usrgeos/intel/Compiler/xe2016/compilers_and_libraries_2016.0.109/linux/ipp/lib/intel64/:/geos/usrgeos/intel/Compiler/xe2016/compilers_and_libraries_2016.0.109/linux/compiler/lib/intel64/:/usr/lib/gcc/x86_64-redhat-linux/4.8.3/../../../:/lib/:/usr/lib/]
  ignore line: [COLLECT_GCC_OPTIONS='-v' '-o' 'cmTryCompileExec2091595818' '-rdynamic' '-mtune=generic' '-march=x86-64']
  link line: [ /usr/libexec/gcc/x86_64-redhat-linux/4.8.3/collect2 --build-id --no-add-needed --eh-frame-hdr --hash-style=gnu -m elf_x86_64 -export-dynamic -dynamic-linker /lib64/ld-linux-x86-64.so.2 -o cmTryCompileExec2091595818 /usr/lib/gcc/x86_64-redhat-linux/4.8.3/../../../../lib64/crt1.o /usr/lib/gcc/x86_64-redhat-linux/4.8.3/../../../../lib64/crti.o /usr/lib/gcc/x86_64-redhat-linux/4.8.3/crtbegin.o -L/usr/lib/gcc/x86_64-redhat-linux/4.8.3 -L/usr/lib/gcc/x86_64-redhat-linux/4.8.3/../../../../lib64 -L/lib/../lib64 -L/usr/lib/../lib64 -L/geos/usrgeos/intel/Compiler/xe2016/compilers_and_libraries_2016.0.109/linux/compiler/lib/intel64_lin -L/geos/usrgeos/intel/Compiler/xe2016/compilers_and_libraries_2016.0.109/linux/tbb/lib/intel64/gcc4.4 -L/geos/usrgeos/intel/Compiler/xe2016/compilers_and_libraries_2016.0.109/linux/mkl/lib/intel64 -L/geos/usrgeos/intel/Compiler/xe2016/compilers_and_libraries_2016.0.109/linux/ipp/lib/intel64 -L/geos/usrgeos/intel/Compiler/xe2016/compilers_and_libraries_2016.0.109/linux/compiler/lib/intel64 -L/usr/lib/gcc/x86_64-redhat-linux/4.8.3/../../.. CMakeFiles/cmTryCompileExec2091595818.dir/CMakeCCompilerABI.c.o -lgcc --as-needed -lgcc_s --no-as-needed -lc -lgcc --as-needed -lgcc_s --no-as-needed /usr/lib/gcc/x86_64-redhat-linux/4.8.3/crtend.o /usr/lib/gcc/x86_64-redhat-linux/4.8.3/../../../../lib64/crtn.o]
    arg [/usr/libexec/gcc/x86_64-redhat-linux/4.8.3/collect2] ==> ignore
    arg [--build-id] ==> ignore
    arg [--no-add-needed] ==> ignore
    arg [--eh-frame-hdr] ==> ignore
    arg [--hash-style=gnu] ==> ignore
    arg [-m] ==> ignore
    arg [elf_x86_64] ==> ignore
    arg [-export-dynamic] ==> ignore
    arg [-dynamic-linker] ==> ignore
    arg [/lib64/ld-linux-x86-64.so.2] ==> ignore
    arg [-o] ==> ignore
    arg [cmTryCompileExec2091595818] ==> ignore
    arg [/usr/lib/gcc/x86_64-redhat-linux/4.8.3/../../../../lib64/crt1.o] ==> ignore
    arg [/usr/lib/gcc/x86_64-redhat-linux/4.8.3/../../../../lib64/crti.o] ==> ignore
    arg [/usr/lib/gcc/x86_64-redhat-linux/4.8.3/crtbegin.o] ==> ignore
    arg [-L/usr/lib/gcc/x86_64-redhat-linux/4.8.3] ==> dir [/usr/lib/gcc/x86_64-redhat-linux/4.8.3]
    arg [-L/usr/lib/gcc/x86_64-redhat-linux/4.8.3/../../../../lib64] ==> dir [/usr/lib/gcc/x86_64-redhat-linux/4.8.3/../../../../lib64]
    arg [-L/lib/../lib64] ==> dir [/lib/../lib64]
    arg [-L/usr/lib/../lib64] ==> dir [/usr/lib/../lib64]
    arg [-L/geos/usrgeos/intel/Compiler/xe2016/compilers_and_libraries_2016.0.109/linux/compiler/lib/intel64_lin] ==> dir [/geos/usrgeos/intel/Compiler/xe2016/compilers_and_libraries_2016.0.109/linux/compiler/lib/intel64_lin]
    arg [-L/geos/usrgeos/intel/Compiler/xe2016/compilers_and_libraries_2016.0.109/linux/tbb/lib/intel64/gcc4.4] ==> dir [/geos/usrgeos/intel/Compiler/xe2016/compilers_and_libraries_2016.0.109/linux/tbb/lib/intel64/gcc4.4]
    arg [-L/geos/usrgeos/intel/Compiler/xe2016/compilers_and_libraries_2016.0.109/linux/mkl/lib/intel64] ==> dir [/geos/usrgeos/intel/Compiler/xe2016/compilers_and_libraries_2016.0.109/linux/mkl/lib/intel64]
    arg [-L/geos/usrgeos/intel/Compiler/xe2016/compilers_and_libraries_2016.0.109/linux/ipp/lib/intel64] ==> dir [/geos/usrgeos/intel/Compiler/xe2016/compilers_and_libraries_2016.0.109/linux/ipp/lib/intel64]
    arg [-L/geos/usrgeos/intel/Compiler/xe2016/compilers_and_libraries_2016.0.109/linux/compiler/lib/intel64] ==> dir [/geos/usrgeos/intel/Compiler/xe2016/compilers_and_libraries_2016.0.109/linux/compiler/lib/intel64]
    arg [-L/usr/lib/gcc/x86_64-redhat-linux/4.8.3/../../..] ==> dir [/usr/lib/gcc/x86_64-redhat-linux/4.8.3/../../..]
    arg [CMakeFiles/cmTryCompileExec2091595818.dir/CMakeCCompilerABI.c.o] ==> ignore
    arg [-lgcc] ==> lib [gcc]
    arg [--as-needed] ==> ignore
    arg [-lgcc_s] ==> lib [gcc_s]
    arg [--no-as-needed] ==> ignore
    arg [-lc] ==> lib [c]
    arg [-lgcc] ==> lib [gcc]
    arg [--as-needed] ==> ignore
    arg [-lgcc_s] ==> lib [gcc_s]
    arg [--no-as-needed] ==> ignore
    arg [/usr/lib/gcc/x86_64-redhat-linux/4.8.3/crtend.o] ==> ignore
    arg [/usr/lib/gcc/x86_64-redhat-linux/4.8.3/../../../../lib64/crtn.o] ==> ignore
  remove lib [gcc]
  remove lib [gcc_s]
  remove lib [gcc]
  remove lib [gcc_s]
  collapse library dir [/usr/lib/gcc/x86_64-redhat-linux/4.8.3] ==> [/usr/lib/gcc/x86_64-redhat-linux/4.8.3]
  collapse library dir [/usr/lib/gcc/x86_64-redhat-linux/4.8.3/../../../../lib64] ==> [/usr/lib64]
  collapse library dir [/lib/../lib64] ==> [/lib64]
  collapse library dir [/usr/lib/../lib64] ==> [/usr/lib64]
  collapse library dir [/geos/usrgeos/intel/Compiler/xe2016/compilers_and_libraries_2016.0.109/linux/compiler/lib/intel64_lin] ==> [/geos/usrgeos/intel/Compiler/xe2016/compilers_and_libraries_2016.0.109/linux/compiler/lib/intel64_lin]
  collapse library dir [/geos/usrgeos/intel/Compiler/xe2016/compilers_and_libraries_2016.0.109/linux/tbb/lib/intel64/gcc4.4] ==> [/geos/usrgeos/intel/Compiler/xe2016/compilers_and_libraries_2016.0.109/linux/tbb/lib/intel64/gcc4.4]
  collapse library dir [/geos/usrgeos/intel/Compiler/xe2016/compilers_and_libraries_2016.0.109/linux/mkl/lib/intel64] ==> [/geos/usrgeos/intel/Compiler/xe2016/compilers_and_libraries_2016.0.109/linux/mkl/lib/intel64]
  collapse library dir [/geos/usrgeos/intel/Compiler/xe2016/compilers_and_libraries_2016.0.109/linux/ipp/lib/intel64] ==> [/geos/usrgeos/intel/Compiler/xe2016/compilers_and_libraries_2016.0.109/linux/ipp/lib/intel64]
  collapse library dir [/geos/usrgeos/intel/Compiler/xe2016/compilers_and_libraries_2016.0.109/linux/compiler/lib/intel64] ==> [/geos/usrgeos/intel/Compiler/xe2016/compilers_and_libraries_2016.0.109/linux/compiler/lib/intel64]
  collapse library dir [/usr/lib/gcc/x86_64-redhat-linux/4.8.3/../../..] ==> [/usr/lib]
  implicit libs: [c]
  implicit dirs: [/usr/lib/gcc/x86_64-redhat-linux/4.8.3;/usr/lib64;/lib64;/geos/usrgeos/intel/Compiler/xe2016/compilers_and_libraries_2016.0.109/linux/compiler/lib/intel64_lin;/geos/usrgeos/intel/Compiler/xe2016/compilers_and_libraries_2016.0.109/linux/tbb/lib/intel64/gcc4.4;/geos/usrgeos/intel/Compiler/xe2016/compilers_and_libraries_2016.0.109/linux/mkl/lib/intel64;/geos/usrgeos/intel/Compiler/xe2016/compilers_and_libraries_2016.0.109/linux/ipp/lib/intel64;/geos/usrgeos/intel/Compiler/xe2016/compilers_and_libraries_2016.0.109/linux/compiler/lib/intel64;/usr/lib]
  implicit fwks: []


Determining if the CXX compiler works passed with the following output:
Change Dir: /home/s0923330/Datastore/LSD_local/driver_functions_FJC/floodplain_id/build/CMakeFiles/CMakeTmp

Run Build Command:/usr/bin/gmake "cmTryCompileExec3985518021/fast"
/usr/bin/gmake -f CMakeFiles/cmTryCompileExec3985518021.dir/build.make CMakeFiles/cmTryCompileExec3985518021.dir/build
gmake[1]: Entering directory `/exports/csce/datastore/geos/users/s0923330/LSD_local/driver_functions_FJC/floodplain_id/build/CMakeFiles/CMakeTmp'
/usr/bin/cmake -E cmake_progress_report /home/s0923330/Datastore/LSD_local/driver_functions_FJC/floodplain_id/build/CMakeFiles/CMakeTmp/CMakeFiles 1
Building CXX object CMakeFiles/cmTryCompileExec3985518021.dir/testCXXCompiler.cxx.o
/usr/bin/c++     -o CMakeFiles/cmTryCompileExec3985518021.dir/testCXXCompiler.cxx.o -c /home/s0923330/Datastore/LSD_local/driver_functions_FJC/floodplain_id/build/CMakeFiles/CMakeTmp/testCXXCompiler.cxx
Linking CXX executable cmTryCompileExec3985518021
/usr/bin/cmake -E cmake_link_script CMakeFiles/cmTryCompileExec3985518021.dir/link.txt --verbose=1
/usr/bin/c++          CMakeFiles/cmTryCompileExec3985518021.dir/testCXXCompiler.cxx.o  -o cmTryCompileExec3985518021 -rdynamic 
gmake[1]: Leaving directory `/exports/csce/datastore/geos/users/s0923330/LSD_local/driver_functions_FJC/floodplain_id/build/CMakeFiles/CMakeTmp'


Detecting CXX compiler ABI info compiled with the following output:
Change Dir: /home/s0923330/Datastore/LSD_local/driver_functions_FJC/floodplain_id/build/CMakeFiles/CMakeTmp

Run Build Command:/usr/bin/gmake "cmTryCompileExec1859884774/fast"
/usr/bin/gmake -f CMakeFiles/cmTryCompileExec1859884774.dir/build.make CMakeFiles/cmTryCompileExec1859884774.dir/build
gmake[1]: Entering directory `/exports/csce/datastore/geos/users/s0923330/LSD_local/driver_functions_FJC/floodplain_id/build/CMakeFiles/CMakeTmp'
/usr/bin/cmake -E cmake_progress_report /home/s0923330/Datastore/LSD_local/driver_functions_FJC/floodplain_id/build/CMakeFiles/CMakeTmp/CMakeFiles 1
Building CXX object CMakeFiles/cmTryCompileExec1859884774.dir/CMakeCXXCompilerABI.cpp.o
/usr/bin/c++     -o CMakeFiles/cmTryCompileExec1859884774.dir/CMakeCXXCompilerABI.cpp.o -c /usr/share/cmake/Modules/CMakeCXXCompilerABI.cpp
Linking CXX executable cmTryCompileExec1859884774
/usr/bin/cmake -E cmake_link_script CMakeFiles/cmTryCompileExec1859884774.dir/link.txt --verbose=1
/usr/bin/c++        -v CMakeFiles/cmTryCompileExec1859884774.dir/CMakeCXXCompilerABI.cpp.o  -o cmTryCompileExec1859884774 -rdynamic  
Using built-in specs.
COLLECT_GCC=/usr/bin/c++
COLLECT_LTO_WRAPPER=/usr/libexec/gcc/x86_64-redhat-linux/4.8.3/lto-wrapper
Target: x86_64-redhat-linux
Configured with: ../configure --prefix=/usr --mandir=/usr/share/man --infodir=/usr/share/info --with-bugurl=http://bugzilla.redhat.com/bugzilla --enable-bootstrap --enable-shared --enable-threads=posix --enable-checking=release --with-system-zlib --enable-__cxa_atexit --disable-libunwind-exceptions --enable-gnu-unique-object --enable-linker-build-id --with-linker-hash-style=gnu --enable-languages=c,c++,objc,obj-c++,java,fortran,ada,go,lto --enable-plugin --enable-initfini-array --disable-libgcj --with-isl=/builddir/build/BUILD/gcc-4.8.3-20140911/obj-x86_64-redhat-linux/isl-install --with-cloog=/builddir/build/BUILD/gcc-4.8.3-20140911/obj-x86_64-redhat-linux/cloog-install --enable-gnu-indirect-function --with-tune=generic --with-arch_32=x86-64 --build=x86_64-redhat-linux
Thread model: posix
gcc version 4.8.3 20140911 (Red Hat 4.8.3-9) (GCC) 
COMPILER_PATH=/usr/libexec/gcc/x86_64-redhat-linux/4.8.3/:/usr/libexec/gcc/x86_64-redhat-linux/4.8.3/:/usr/libexec/gcc/x86_64-redhat-linux/:/usr/lib/gcc/x86_64-redhat-linux/4.8.3/:/usr/lib/gcc/x86_64-redhat-linux/
LIBRARY_PATH=/usr/lib/gcc/x86_64-redhat-linux/4.8.3/:/usr/lib/gcc/x86_64-redhat-linux/4.8.3/../../../../lib64/:/lib/../lib64/:/usr/lib/../lib64/:/geos/usrgeos/intel/Compiler/xe2016/compilers_and_libraries_2016.0.109/linux/compiler/lib/intel64_lin/:/geos/usrgeos/intel/Compiler/xe2016/compilers_and_libraries_2016.0.109/linux/tbb/lib/intel64/gcc4.4/:/geos/usrgeos/intel/Compiler/xe2016/compilers_and_libraries_2016.0.109/linux/mkl/lib/intel64/:/geos/usrgeos/intel/Compiler/xe2016/compilers_and_libraries_2016.0.109/linux/ipp/lib/intel64/:/geos/usrgeos/intel/Compiler/xe2016/compilers_and_libraries_2016.0.109/linux/compiler/lib/intel64/:/usr/lib/gcc/x86_64-redhat-linux/4.8.3/../../../:/lib/:/usr/lib/
COLLECT_GCC_OPTIONS='-v' '-o' 'cmTryCompileExec1859884774' '-rdynamic' '-shared-libgcc' '-mtune=generic' '-march=x86-64'
 /usr/libexec/gcc/x86_64-redhat-linux/4.8.3/collect2 --build-id --no-add-needed --eh-frame-hdr --hash-style=gnu -m elf_x86_64 -export-dynamic -dynamic-linker /lib64/ld-linux-x86-64.so.2 -o cmTryCompileExec1859884774 /usr/lib/gcc/x86_64-redhat-linux/4.8.3/../../../../lib64/crt1.o /usr/lib/gcc/x86_64-redhat-linux/4.8.3/../../../../lib64/crti.o /usr/lib/gcc/x86_64-redhat-linux/4.8.3/crtbegin.o -L/usr/lib/gcc/x86_64-redhat-linux/4.8.3 -L/usr/lib/gcc/x86_64-redhat-linux/4.8.3/../../../../lib64 -L/lib/../lib64 -L/usr/lib/../lib64 -L/geos/usrgeos/intel/Compiler/xe2016/compilers_and_libraries_2016.0.109/linux/compiler/lib/intel64_lin -L/geos/usrgeos/intel/Compiler/xe2016/compilers_and_libraries_2016.0.109/linux/tbb/lib/intel64/gcc4.4 -L/geos/usrgeos/intel/Compiler/xe2016/compilers_and_libraries_2016.0.109/linux/mkl/lib/intel64 -L/geos/usrgeos/intel/Compiler/xe2016/compilers_and_libraries_2016.0.109/linux/ipp/lib/intel64 -L/geos/usrgeos/intel/Compiler/xe2016/compilers_and_libraries_2016.0.109/linux/compiler/lib/intel64 -L/usr/lib/gcc/x86_64-redhat-linux/4.8.3/../../.. CMakeFiles/cmTryCompileExec1859884774.dir/CMakeCXXCompilerABI.cpp.o -lstdc++ -lm -lgcc_s -lgcc -lc -lgcc_s -lgcc /usr/lib/gcc/x86_64-redhat-linux/4.8.3/crtend.o /usr/lib/gcc/x86_64-redhat-linux/4.8.3/../../../../lib64/crtn.o
gmake[1]: Leaving directory `/exports/csce/datastore/geos/users/s0923330/LSD_local/driver_functions_FJC/floodplain_id/build/CMakeFiles/CMakeTmp'


Parsed CXX implicit link information from above output:
  link line regex: [^( *|.*[/\])(ld|ld|collect2)[^/\]*( |$)]
  ignore line: [Change Dir: /home/s0923330/Datastore/LSD_local/driver_functions_FJC/floodplain_id/build/CMakeFiles/CMakeTmp]
  ignore line: []
  ignore line: [Run Build Command:/usr/bin/gmake "cmTryCompileExec1859884774/fast"]
  ignore line: [/usr/bin/gmake -f CMakeFiles/cmTryCompileExec1859884774.dir/build.make CMakeFiles/cmTryCompileExec1859884774.dir/build]
  ignore line: [gmake[1]: Entering directory `/exports/csce/datastore/geos/users/s0923330/LSD_local/driver_functions_FJC/floodplain_id/build/CMakeFiles/CMakeTmp']
  ignore line: [/usr/bin/cmake -E cmake_progress_report /home/s0923330/Datastore/LSD_local/driver_functions_FJC/floodplain_id/build/CMakeFiles/CMakeTmp/CMakeFiles 1]
  ignore line: [Building CXX object CMakeFiles/cmTryCompileExec1859884774.dir/CMakeCXXCompilerABI.cpp.o]
  ignore line: [/usr/bin/c++     -o CMakeFiles/cmTryCompileExec1859884774.dir/CMakeCXXCompilerABI.cpp.o -c /usr/share/cmake/Modules/CMakeCXXCompilerABI.cpp]
  ignore line: [Linking CXX executable cmTryCompileExec1859884774]
  ignore line: [/usr/bin/cmake -E cmake_link_script CMakeFiles/cmTryCompileExec1859884774.dir/link.txt --verbose=1]
  ignore line: [/usr/bin/c++        -v CMakeFiles/cmTryCompileExec1859884774.dir/CMakeCXXCompilerABI.cpp.o  -o cmTryCompileExec1859884774 -rdynamic  ]
  ignore line: [Using built-in specs.]
  ignore line: [COLLECT_GCC=/usr/bin/c++]
  ignore line: [COLLECT_LTO_WRAPPER=/usr/libexec/gcc/x86_64-redhat-linux/4.8.3/lto-wrapper]
  ignore line: [Target: x86_64-redhat-linux]
  ignore line: [Configured with: ../configure --prefix=/usr --mandir=/usr/share/man --infodir=/usr/share/info --with-bugurl=http://bugzilla.redhat.com/bugzilla --enable-bootstrap --enable-shared --enable-threads=posix --enable-checking=release --with-system-zlib --enable-__cxa_atexit --disable-libunwind-exceptions --enable-gnu-unique-object --enable-linker-build-id --with-linker-hash-style=gnu --enable-languages=c,c++,objc,obj-c++,java,fortran,ada,go,lto --enable-plugin --enable-initfini-array --disable-libgcj --with-isl=/builddir/build/BUILD/gcc-4.8.3-20140911/obj-x86_64-redhat-linux/isl-install --with-cloog=/builddir/build/BUILD/gcc-4.8.3-20140911/obj-x86_64-redhat-linux/cloog-install --enable-gnu-indirect-function --with-tune=generic --with-arch_32=x86-64 --build=x86_64-redhat-linux]
  ignore line: [Thread model: posix]
  ignore line: [gcc version 4.8.3 20140911 (Red Hat 4.8.3-9) (GCC) ]
  ignore line: [COMPILER_PATH=/usr/libexec/gcc/x86_64-redhat-linux/4.8.3/:/usr/libexec/gcc/x86_64-redhat-linux/4.8.3/:/usr/libexec/gcc/x86_64-redhat-linux/:/usr/lib/gcc/x86_64-redhat-linux/4.8.3/:/usr/lib/gcc/x86_64-redhat-linux/]
  ignore line: [LIBRARY_PATH=/usr/lib/gcc/x86_64-redhat-linux/4.8.3/:/usr/lib/gcc/x86_64-redhat-linux/4.8.3/../../../../lib64/:/lib/../lib64/:/usr/lib/../lib64/:/geos/usrgeos/intel/Compiler/xe2016/compilers_and_libraries_2016.0.109/linux/compiler/lib/intel64_lin/:/geos/usrgeos/intel/Compiler/xe2016/compilers_and_libraries_2016.0.109/linux/tbb/lib/intel64/gcc4.4/:/geos/usrgeos/intel/Compiler/xe2016/compilers_and_libraries_2016.0.109/linux/mkl/lib/intel64/:/geos/usrgeos/intel/Compiler/xe2016/compilers_and_libraries_2016.0.109/linux/ipp/lib/intel64/:/geos/usrgeos/intel/Compiler/xe2016/compilers_and_libraries_2016.0.109/linux/compiler/lib/intel64/:/usr/lib/gcc/x86_64-redhat-linux/4.8.3/../../../:/lib/:/usr/lib/]
  ignore line: [COLLECT_GCC_OPTIONS='-v' '-o' 'cmTryCompileExec1859884774' '-rdynamic' '-shared-libgcc' '-mtune=generic' '-march=x86-64']
  link line: [ /usr/libexec/gcc/x86_64-redhat-linux/4.8.3/collect2 --build-id --no-add-needed --eh-frame-hdr --hash-style=gnu -m elf_x86_64 -export-dynamic -dynamic-linker /lib64/ld-linux-x86-64.so.2 -o cmTryCompileExec1859884774 /usr/lib/gcc/x86_64-redhat-linux/4.8.3/../../../../lib64/crt1.o /usr/lib/gcc/x86_64-redhat-linux/4.8.3/../../../../lib64/crti.o /usr/lib/gcc/x86_64-redhat-linux/4.8.3/crtbegin.o -L/usr/lib/gcc/x86_64-redhat-linux/4.8.3 -L/usr/lib/gcc/x86_64-redhat-linux/4.8.3/../../../../lib64 -L/lib/../lib64 -L/usr/lib/../lib64 -L/geos/usrgeos/intel/Compiler/xe2016/compilers_and_libraries_2016.0.109/linux/compiler/lib/intel64_lin -L/geos/usrgeos/intel/Compiler/xe2016/compilers_and_libraries_2016.0.109/linux/tbb/lib/intel64/gcc4.4 -L/geos/usrgeos/intel/Compiler/xe2016/compilers_and_libraries_2016.0.109/linux/mkl/lib/intel64 -L/geos/usrgeos/intel/Compiler/xe2016/compilers_and_libraries_2016.0.109/linux/ipp/lib/intel64 -L/geos/usrgeos/intel/Compiler/xe2016/compilers_and_libraries_2016.0.109/linux/compiler/lib/intel64 -L/usr/lib/gcc/x86_64-redhat-linux/4.8.3/../../.. CMakeFiles/cmTryCompileExec1859884774.dir/CMakeCXXCompilerABI.cpp.o -lstdc++ -lm -lgcc_s -lgcc -lc -lgcc_s -lgcc /usr/lib/gcc/x86_64-redhat-linux/4.8.3/crtend.o /usr/lib/gcc/x86_64-redhat-linux/4.8.3/../../../../lib64/crtn.o]
    arg [/usr/libexec/gcc/x86_64-redhat-linux/4.8.3/collect2] ==> ignore
    arg [--build-id] ==> ignore
    arg [--no-add-needed] ==> ignore
    arg [--eh-frame-hdr] ==> ignore
    arg [--hash-style=gnu] ==> ignore
    arg [-m] ==> ignore
    arg [elf_x86_64] ==> ignore
    arg [-export-dynamic] ==> ignore
    arg [-dynamic-linker] ==> ignore
    arg [/lib64/ld-linux-x86-64.so.2] ==> ignore
    arg [-o] ==> ignore
    arg [cmTryCompileExec1859884774] ==> ignore
    arg [/usr/lib/gcc/x86_64-redhat-linux/4.8.3/../../../../lib64/crt1.o] ==> ignore
    arg [/usr/lib/gcc/x86_64-redhat-linux/4.8.3/../../../../lib64/crti.o] ==> ignore
    arg [/usr/lib/gcc/x86_64-redhat-linux/4.8.3/crtbegin.o] ==> ignore
    arg [-L/usr/lib/gcc/x86_64-redhat-linux/4.8.3] ==> dir [/usr/lib/gcc/x86_64-redhat-linux/4.8.3]
    arg [-L/usr/lib/gcc/x86_64-redhat-linux/4.8.3/../../../../lib64] ==> dir [/usr/lib/gcc/x86_64-redhat-linux/4.8.3/../../../../lib64]
    arg [-L/lib/../lib64] ==> dir [/lib/../lib64]
    arg [-L/usr/lib/../lib64] ==> dir [/usr/lib/../lib64]
    arg [-L/geos/usrgeos/intel/Compiler/xe2016/compilers_and_libraries_2016.0.109/linux/compiler/lib/intel64_lin] ==> dir [/geos/usrgeos/intel/Compiler/xe2016/compilers_and_libraries_2016.0.109/linux/compiler/lib/intel64_lin]
    arg [-L/geos/usrgeos/intel/Compiler/xe2016/compilers_and_libraries_2016.0.109/linux/tbb/lib/intel64/gcc4.4] ==> dir [/geos/usrgeos/intel/Compiler/xe2016/compilers_and_libraries_2016.0.109/linux/tbb/lib/intel64/gcc4.4]
    arg [-L/geos/usrgeos/intel/Compiler/xe2016/compilers_and_libraries_2016.0.109/linux/mkl/lib/intel64] ==> dir [/geos/usrgeos/intel/Compiler/xe2016/compilers_and_libraries_2016.0.109/linux/mkl/lib/intel64]
    arg [-L/geos/usrgeos/intel/Compiler/xe2016/compilers_and_libraries_2016.0.109/linux/ipp/lib/intel64] ==> dir [/geos/usrgeos/intel/Compiler/xe2016/compilers_and_libraries_2016.0.109/linux/ipp/lib/intel64]
    arg [-L/geos/usrgeos/intel/Compiler/xe2016/compilers_and_libraries_2016.0.109/linux/compiler/lib/intel64] ==> dir [/geos/usrgeos/intel/Compiler/xe2016/compilers_and_libraries_2016.0.109/linux/compiler/lib/intel64]
    arg [-L/usr/lib/gcc/x86_64-redhat-linux/4.8.3/../../..] ==> dir [/usr/lib/gcc/x86_64-redhat-linux/4.8.3/../../..]
    arg [CMakeFiles/cmTryCompileExec1859884774.dir/CMakeCXXCompilerABI.cpp.o] ==> ignore
    arg [-lstdc++] ==> lib [stdc++]
    arg [-lm] ==> lib [m]
    arg [-lgcc_s] ==> lib [gcc_s]
    arg [-lgcc] ==> lib [gcc]
    arg [-lc] ==> lib [c]
    arg [-lgcc_s] ==> lib [gcc_s]
    arg [-lgcc] ==> lib [gcc]
    arg [/usr/lib/gcc/x86_64-redhat-linux/4.8.3/crtend.o] ==> ignore
    arg [/usr/lib/gcc/x86_64-redhat-linux/4.8.3/../../../../lib64/crtn.o] ==> ignore
  remove lib [gcc_s]
  remove lib [gcc]
  remove lib [gcc_s]
  remove lib [gcc]
  collapse library dir [/usr/lib/gcc/x86_64-redhat-linux/4.8.3] ==> [/usr/lib/gcc/x86_64-redhat-linux/4.8.3]
  collapse library dir [/usr/lib/gcc/x86_64-redhat-linux/4.8.3/../../../../lib64] ==> [/usr/lib64]
  collapse library dir [/lib/../lib64] ==> [/lib64]
  collapse library dir [/usr/lib/../lib64] ==> [/usr/lib64]
  collapse library dir [/geos/usrgeos/intel/Compiler/xe2016/compilers_and_libraries_2016.0.109/linux/compiler/lib/intel64_lin] ==> [/geos/usrgeos/intel/Compiler/xe2016/compilers_and_libraries_2016.0.109/linux/compiler/lib/intel64_lin]
  collapse library dir [/geos/usrgeos/intel/Compiler/xe2016/compilers_and_libraries_2016.0.109/linux/tbb/lib/intel64/gcc4.4] ==> [/geos/usrgeos/intel/Compiler/xe2016/compilers_and_libraries_2016.0.109/linux/tbb/lib/intel64/gcc4.4]
  collapse library dir [/geos/usrgeos/intel/Compiler/xe2016/compilers_and_libraries_2016.0.109/linux/mkl/lib/intel64] ==> [/geos/usrgeos/intel/Compiler/xe2016/compilers_and_libraries_2016.0.109/linux/mkl/lib/intel64]
  collapse library dir [/geos/usrgeos/intel/Compiler/xe2016/compilers_and_libraries_2016.0.109/linux/ipp/lib/intel64] ==> [/geos/usrgeos/intel/Compiler/xe2016/compilers_and_libraries_2016.0.109/linux/ipp/lib/intel64]
  collapse library dir [/geos/usrgeos/intel/Compiler/xe2016/compilers_and_libraries_2016.0.109/linux/compiler/lib/intel64] ==> [/geos/usrgeos/intel/Compiler/xe2016/compilers_and_libraries_2016.0.109/linux/compiler/lib/intel64]
  collapse library dir [/usr/lib/gcc/x86_64-redhat-linux/4.8.3/../../..] ==> [/usr/lib]
  implicit libs: [stdc++;m;c]
  implicit dirs: [/usr/lib/gcc/x86_64-redhat-linux/4.8.3;/usr/lib64;/lib64;/geos/usrgeos/intel/Compiler/xe2016/compilers_and_libraries_2016.0.109/linux/compiler/lib/intel64_lin;/geos/usrgeos/intel/Compiler/xe2016/compilers_and_libraries_2016.0.109/linux/tbb/lib/intel64/gcc4.4;/geos/usrgeos/intel/Compiler/xe2016/compilers_and_libraries_2016.0.109/linux/mkl/lib/intel64;/geos/usrgeos/intel/Compiler/xe2016/compilers_and_libraries_2016.0.109/linux/ipp/lib/intel64;/geos/usrgeos/intel/Compiler/xe2016/compilers_and_libraries_2016.0.109/linux/compiler/lib/intel64;/usr/lib]
  implicit fwks: []


The system is: Linux - 2.6.32-504.16.2.el6.x86_64 - x86_64
Compiling the C compiler identification source file "CMakeCCompilerId.c" succeeded.
Compiler: /usr/bin/cc 
Build flags: 
Id flags: 

The output was:
0


Compilation of the C compiler identification source "CMakeCCompilerId.c" produced "a.out"

The C compiler identification is GNU, found in "/home/s0923330/Datastore/LSD_local/driver_functions_FJC/floodplain_id/build/CMakeFiles/2.8.11.2/CompilerIdC/a.out"

Compiling the CXX compiler identification source file "CMakeCXXCompilerId.cpp" succeeded.
Compiler: /usr/bin/c++ 
Build flags: ;-Wno-invalid-offsetof
Id flags: 

The output was:
0


Compilation of the CXX compiler identification source "CMakeCXXCompilerId.cpp" produced "a.out"

The CXX compiler identification is GNU, found in "/home/s0923330/Datastore/LSD_local/driver_functions_FJC/floodplain_id/build/CMakeFiles/2.8.11.2/CompilerIdCXX/a.out"

Determining if the C compiler works passed with the following output:
Change Dir: /home/s0923330/Datastore/LSD_local/driver_functions_FJC/floodplain_id/build/CMakeFiles/CMakeTmp

Run Build Command:/usr/bin/gmake "cmTryCompileExec3339422557/fast"
/usr/bin/gmake -f CMakeFiles/cmTryCompileExec3339422557.dir/build.make CMakeFiles/cmTryCompileExec3339422557.dir/build
gmake[1]: Entering directory `/exports/csce/datastore/geos/users/s0923330/LSD_local/driver_functions_FJC/floodplain_id/build/CMakeFiles/CMakeTmp'
gmake[1]: Warning: File `CMakeFiles/cmTryCompileExec3339422557.dir/progress.make' has modification time 0.0013 s in the future
/usr/bin/cmake28 -E cmake_progress_report /home/s0923330/Datastore/LSD_local/driver_functions_FJC/floodplain_id/build/CMakeFiles/CMakeTmp/CMakeFiles 1
Building C object CMakeFiles/cmTryCompileExec3339422557.dir/testCCompiler.c.o
/usr/bin/cc    -o CMakeFiles/cmTryCompileExec3339422557.dir/testCCompiler.c.o   -c /home/s0923330/Datastore/LSD_local/driver_functions_FJC/floodplain_id/build/CMakeFiles/CMakeTmp/testCCompiler.c
Linking C executable cmTryCompileExec3339422557
/usr/bin/cmake28 -E cmake_link_script CMakeFiles/cmTryCompileExec3339422557.dir/link.txt --verbose=1
/usr/bin/cc         CMakeFiles/cmTryCompileExec3339422557.dir/testCCompiler.c.o  -o cmTryCompileExec3339422557 -rdynamic 
gmake[1]: warning:  Clock skew detected.  Your build may be incomplete.
gmake[1]: Leaving directory `/exports/csce/datastore/geos/users/s0923330/LSD_local/driver_functions_FJC/floodplain_id/build/CMakeFiles/CMakeTmp'


Detecting C compiler ABI info compiled with the following output:
Change Dir: /home/s0923330/Datastore/LSD_local/driver_functions_FJC/floodplain_id/build/CMakeFiles/CMakeTmp

Run Build Command:/usr/bin/gmake "cmTryCompileExec244028768/fast"
/usr/bin/gmake -f CMakeFiles/cmTryCompileExec244028768.dir/build.make CMakeFiles/cmTryCompileExec244028768.dir/build
gmake[1]: Entering directory `/exports/csce/datastore/geos/users/s0923330/LSD_local/driver_functions_FJC/floodplain_id/build/CMakeFiles/CMakeTmp'
/usr/bin/cmake28 -E cmake_progress_report /home/s0923330/Datastore/LSD_local/driver_functions_FJC/floodplain_id/build/CMakeFiles/CMakeTmp/CMakeFiles 1
Building C object CMakeFiles/cmTryCompileExec244028768.dir/CMakeCCompilerABI.c.o
/usr/bin/cc    -o CMakeFiles/cmTryCompileExec244028768.dir/CMakeCCompilerABI.c.o   -c /usr/share/cmake28/Modules/CMakeCCompilerABI.c
Linking C executable cmTryCompileExec244028768
/usr/bin/cmake28 -E cmake_link_script CMakeFiles/cmTryCompileExec244028768.dir/link.txt --verbose=1
/usr/bin/cc       -v CMakeFiles/cmTryCompileExec244028768.dir/CMakeCCompilerABI.c.o  -o cmTryCompileExec244028768 -rdynamic  
Using built-in specs.
Target: x86_64-redhat-linux
Configured with: ../configure --prefix=/usr --mandir=/usr/share/man --infodir=/usr/share/info --with-bugurl=http://bugzilla.redhat.com/bugzilla --enable-bootstrap --enable-shared --enable-threads=posix --enable-checking=release --with-system-zlib --enable-__cxa_atexit --disable-libunwind-exceptions --enable-gnu-unique-object --enable-languages=c,c++,objc,obj-c++,java,fortran,ada --enable-java-awt=gtk --disable-dssi --with-java-home=/usr/lib/jvm/java-1.5.0-gcj-1.5.0.0/jre --enable-libgcj-multifile --enable-java-maintainer-mode --with-ecj-jar=/usr/share/java/eclipse-ecj.jar --disable-libjava-multilib --with-ppl --with-cloog --with-tune=generic --with-arch_32=i686 --build=x86_64-redhat-linux
Thread model: posix
gcc version 4.4.7 20120313 (Red Hat 4.4.7-11) (GCC) 
COMPILER_PATH=/usr/libexec/gcc/x86_64-redhat-linux/4.4.7/:/usr/libexec/gcc/x86_64-redhat-linux/4.4.7/:/usr/libexec/gcc/x86_64-redhat-linux/:/usr/lib/gcc/x86_64-redhat-linux/4.4.7/:/usr/lib/gcc/x86_64-redhat-linux/:/usr/libexec/gcc/x86_64-redhat-linux/4.4.7/:/usr/libexec/gcc/x86_64-redhat-linux/:/usr/lib/gcc/x86_64-redhat-linux/4.4.7/:/usr/lib/gcc/x86_64-redhat-linux/
LIBRARY_PATH=/usr/lib/gcc/x86_64-redhat-linux/4.4.7/:/usr/lib/gcc/x86_64-redhat-linux/4.4.7/:/usr/lib/gcc/x86_64-redhat-linux/4.4.7/../../../../lib64/:/lib/../lib64/:/usr/lib/../lib64/:/usr/lib/gcc/x86_64-redhat-linux/4.4.7/../../../:/lib/:/usr/lib/
COLLECT_GCC_OPTIONS='-v' '-o' 'cmTryCompileExec244028768' '-rdynamic' '-mtune=generic'
 /usr/libexec/gcc/x86_64-redhat-linux/4.4.7/collect2 --eh-frame-hdr --build-id -m elf_x86_64 --hash-style=gnu -export-dynamic -dynamic-linker /lib64/ld-linux-x86-64.so.2 -o cmTryCompileExec244028768 /usr/lib/gcc/x86_64-redhat-linux/4.4.7/../../../../lib64/crt1.o /usr/lib/gcc/x86_64-redhat-linux/4.4.7/../../../../lib64/crti.o /usr/lib/gcc/x86_64-redhat-linux/4.4.7/crtbegin.o -L/usr/lib/gcc/x86_64-redhat-linux/4.4.7 -L/usr/lib/gcc/x86_64-redhat-linux/4.4.7 -L/usr/lib/gcc/x86_64-redhat-linux/4.4.7/../../../../lib64 -L/lib/../lib64 -L/usr/lib/../lib64 -L/usr/lib/gcc/x86_64-redhat-linux/4.4.7/../../.. CMakeFiles/cmTryCompileExec244028768.dir/CMakeCCompilerABI.c.o -lgcc --as-needed -lgcc_s --no-as-needed -lc -lgcc --as-needed -lgcc_s --no-as-needed /usr/lib/gcc/x86_64-redhat-linux/4.4.7/crtend.o /usr/lib/gcc/x86_64-redhat-linux/4.4.7/../../../../lib64/crtn.o
gmake[1]: Leaving directory `/exports/csce/datastore/geos/users/s0923330/LSD_local/driver_functions_FJC/floodplain_id/build/CMakeFiles/CMakeTmp'


Parsed C implicit link information from above output:
  link line regex: [^( *|.*[/\])(ld|ld|collect2)[^/\]*( |$)]
  ignore line: [Change Dir: /home/s0923330/Datastore/LSD_local/driver_functions_FJC/floodplain_id/build/CMakeFiles/CMakeTmp]
  ignore line: []
  ignore line: [Run Build Command:/usr/bin/gmake "cmTryCompileExec244028768/fast"]
  ignore line: [/usr/bin/gmake -f CMakeFiles/cmTryCompileExec244028768.dir/build.make CMakeFiles/cmTryCompileExec244028768.dir/build]
  ignore line: [gmake[1]: Entering directory `/exports/csce/datastore/geos/users/s0923330/LSD_local/driver_functions_FJC/floodplain_id/build/CMakeFiles/CMakeTmp']
  ignore line: [/usr/bin/cmake28 -E cmake_progress_report /home/s0923330/Datastore/LSD_local/driver_functions_FJC/floodplain_id/build/CMakeFiles/CMakeTmp/CMakeFiles 1]
  ignore line: [Building C object CMakeFiles/cmTryCompileExec244028768.dir/CMakeCCompilerABI.c.o]
  ignore line: [/usr/bin/cc    -o CMakeFiles/cmTryCompileExec244028768.dir/CMakeCCompilerABI.c.o   -c /usr/share/cmake28/Modules/CMakeCCompilerABI.c]
  ignore line: [Linking C executable cmTryCompileExec244028768]
  ignore line: [/usr/bin/cmake28 -E cmake_link_script CMakeFiles/cmTryCompileExec244028768.dir/link.txt --verbose=1]
  ignore line: [/usr/bin/cc       -v CMakeFiles/cmTryCompileExec244028768.dir/CMakeCCompilerABI.c.o  -o cmTryCompileExec244028768 -rdynamic  ]
  ignore line: [Using built-in specs.]
  ignore line: [Target: x86_64-redhat-linux]
  ignore line: [Configured with: ../configure --prefix=/usr --mandir=/usr/share/man --infodir=/usr/share/info --with-bugurl=http://bugzilla.redhat.com/bugzilla --enable-bootstrap --enable-shared --enable-threads=posix --enable-checking=release --with-system-zlib --enable-__cxa_atexit --disable-libunwind-exceptions --enable-gnu-unique-object --enable-languages=c,c++,objc,obj-c++,java,fortran,ada --enable-java-awt=gtk --disable-dssi --with-java-home=/usr/lib/jvm/java-1.5.0-gcj-1.5.0.0/jre --enable-libgcj-multifile --enable-java-maintainer-mode --with-ecj-jar=/usr/share/java/eclipse-ecj.jar --disable-libjava-multilib --with-ppl --with-cloog --with-tune=generic --with-arch_32=i686 --build=x86_64-redhat-linux]
  ignore line: [Thread model: posix]
  ignore line: [gcc version 4.4.7 20120313 (Red Hat 4.4.7-11) (GCC) ]
  ignore line: [COMPILER_PATH=/usr/libexec/gcc/x86_64-redhat-linux/4.4.7/:/usr/libexec/gcc/x86_64-redhat-linux/4.4.7/:/usr/libexec/gcc/x86_64-redhat-linux/:/usr/lib/gcc/x86_64-redhat-linux/4.4.7/:/usr/lib/gcc/x86_64-redhat-linux/:/usr/libexec/gcc/x86_64-redhat-linux/4.4.7/:/usr/libexec/gcc/x86_64-redhat-linux/:/usr/lib/gcc/x86_64-redhat-linux/4.4.7/:/usr/lib/gcc/x86_64-redhat-linux/]
  ignore line: [LIBRARY_PATH=/usr/lib/gcc/x86_64-redhat-linux/4.4.7/:/usr/lib/gcc/x86_64-redhat-linux/4.4.7/:/usr/lib/gcc/x86_64-redhat-linux/4.4.7/../../../../lib64/:/lib/../lib64/:/usr/lib/../lib64/:/usr/lib/gcc/x86_64-redhat-linux/4.4.7/../../../:/lib/:/usr/lib/]
  ignore line: [COLLECT_GCC_OPTIONS='-v' '-o' 'cmTryCompileExec244028768' '-rdynamic' '-mtune=generic']
  link line: [ /usr/libexec/gcc/x86_64-redhat-linux/4.4.7/collect2 --eh-frame-hdr --build-id -m elf_x86_64 --hash-style=gnu -export-dynamic -dynamic-linker /lib64/ld-linux-x86-64.so.2 -o cmTryCompileExec244028768 /usr/lib/gcc/x86_64-redhat-linux/4.4.7/../../../../lib64/crt1.o /usr/lib/gcc/x86_64-redhat-linux/4.4.7/../../../../lib64/crti.o /usr/lib/gcc/x86_64-redhat-linux/4.4.7/crtbegin.o -L/usr/lib/gcc/x86_64-redhat-linux/4.4.7 -L/usr/lib/gcc/x86_64-redhat-linux/4.4.7 -L/usr/lib/gcc/x86_64-redhat-linux/4.4.7/../../../../lib64 -L/lib/../lib64 -L/usr/lib/../lib64 -L/usr/lib/gcc/x86_64-redhat-linux/4.4.7/../../.. CMakeFiles/cmTryCompileExec244028768.dir/CMakeCCompilerABI.c.o -lgcc --as-needed -lgcc_s --no-as-needed -lc -lgcc --as-needed -lgcc_s --no-as-needed /usr/lib/gcc/x86_64-redhat-linux/4.4.7/crtend.o /usr/lib/gcc/x86_64-redhat-linux/4.4.7/../../../../lib64/crtn.o]
    arg [/usr/libexec/gcc/x86_64-redhat-linux/4.4.7/collect2] ==> ignore
    arg [--eh-frame-hdr] ==> ignore
    arg [--build-id] ==> ignore
    arg [-m] ==> ignore
    arg [elf_x86_64] ==> ignore
    arg [--hash-style=gnu] ==> ignore
    arg [-export-dynamic] ==> ignore
    arg [-dynamic-linker] ==> ignore
    arg [/lib64/ld-linux-x86-64.so.2] ==> ignore
    arg [-o] ==> ignore
    arg [cmTryCompileExec244028768] ==> ignore
    arg [/usr/lib/gcc/x86_64-redhat-linux/4.4.7/../../../../lib64/crt1.o] ==> ignore
    arg [/usr/lib/gcc/x86_64-redhat-linux/4.4.7/../../../../lib64/crti.o] ==> ignore
    arg [/usr/lib/gcc/x86_64-redhat-linux/4.4.7/crtbegin.o] ==> ignore
    arg [-L/usr/lib/gcc/x86_64-redhat-linux/4.4.7] ==> dir [/usr/lib/gcc/x86_64-redhat-linux/4.4.7]
    arg [-L/usr/lib/gcc/x86_64-redhat-linux/4.4.7] ==> dir [/usr/lib/gcc/x86_64-redhat-linux/4.4.7]
    arg [-L/usr/lib/gcc/x86_64-redhat-linux/4.4.7/../../../../lib64] ==> dir [/usr/lib/gcc/x86_64-redhat-linux/4.4.7/../../../../lib64]
    arg [-L/lib/../lib64] ==> dir [/lib/../lib64]
    arg [-L/usr/lib/../lib64] ==> dir [/usr/lib/../lib64]
    arg [-L/usr/lib/gcc/x86_64-redhat-linux/4.4.7/../../..] ==> dir [/usr/lib/gcc/x86_64-redhat-linux/4.4.7/../../..]
    arg [CMakeFiles/cmTryCompileExec244028768.dir/CMakeCCompilerABI.c.o] ==> ignore
    arg [-lgcc] ==> lib [gcc]
    arg [--as-needed] ==> ignore
    arg [-lgcc_s] ==> lib [gcc_s]
    arg [--no-as-needed] ==> ignore
    arg [-lc] ==> lib [c]
    arg [-lgcc] ==> lib [gcc]
    arg [--as-needed] ==> ignore
    arg [-lgcc_s] ==> lib [gcc_s]
    arg [--no-as-needed] ==> ignore
    arg [/usr/lib/gcc/x86_64-redhat-linux/4.4.7/crtend.o] ==> ignore
    arg [/usr/lib/gcc/x86_64-redhat-linux/4.4.7/../../../../lib64/crtn.o] ==> ignore
  remove lib [gcc]
  remove lib [gcc_s]
  remove lib [gcc]
  remove lib [gcc_s]
  collapse library dir [/usr/lib/gcc/x86_64-redhat-linux/4.4.7] ==> [/usr/lib/gcc/x86_64-redhat-linux/4.4.7]
  collapse library dir [/usr/lib/gcc/x86_64-redhat-linux/4.4.7] ==> [/usr/lib/gcc/x86_64-redhat-linux/4.4.7]
  collapse library dir [/usr/lib/gcc/x86_64-redhat-linux/4.4.7/../../../../lib64] ==> [/usr/lib64]
  collapse library dir [/lib/../lib64] ==> [/lib64]
  collapse library dir [/usr/lib/../lib64] ==> [/usr/lib64]
  collapse library dir [/usr/lib/gcc/x86_64-redhat-linux/4.4.7/../../..] ==> [/usr/lib]
  implicit libs: [c]
  implicit dirs: [/usr/lib/gcc/x86_64-redhat-linux/4.4.7;/usr/lib64;/lib64;/usr/lib]
  implicit fwks: []


Determining if the CXX compiler works passed with the following output:
Change Dir: /home/s0923330/Datastore/LSD_local/driver_functions_FJC/floodplain_id/build/CMakeFiles/CMakeTmp

Run Build Command:/usr/bin/gmake "cmTryCompileExec2249714367/fast"
/usr/bin/gmake -f CMakeFiles/cmTryCompileExec2249714367.dir/build.make CMakeFiles/cmTryCompileExec2249714367.dir/build
gmake[1]: Entering directory `/exports/csce/datastore/geos/users/s0923330/LSD_local/driver_functions_FJC/floodplain_id/build/CMakeFiles/CMakeTmp'
gmake[1]: Warning: File `CMakeFiles/cmTryCompileExec2249714367.dir/progress.make' has modification time 0.0021 s in the future
/usr/bin/cmake28 -E cmake_progress_report /home/s0923330/Datastore/LSD_local/driver_functions_FJC/floodplain_id/build/CMakeFiles/CMakeTmp/CMakeFiles 1
Building CXX object CMakeFiles/cmTryCompileExec2249714367.dir/testCXXCompiler.cxx.o
/usr/bin/c++    -Wno-invalid-offsetof     -o CMakeFiles/cmTryCompileExec2249714367.dir/testCXXCompiler.cxx.o -c /home/s0923330/Datastore/LSD_local/driver_functions_FJC/floodplain_id/build/CMakeFiles/CMakeTmp/testCXXCompiler.cxx
Linking CXX executable cmTryCompileExec2249714367
/usr/bin/cmake28 -E cmake_link_script CMakeFiles/cmTryCompileExec2249714367.dir/link.txt --verbose=1
/usr/bin/c++     -Wno-invalid-offsetof      CMakeFiles/cmTryCompileExec2249714367.dir/testCXXCompiler.cxx.o  -o cmTryCompileExec2249714367 -rdynamic 
gmake[1]: warning:  Clock skew detected.  Your build may be incomplete.
gmake[1]: Leaving directory `/exports/csce/datastore/geos/users/s0923330/LSD_local/driver_functions_FJC/floodplain_id/build/CMakeFiles/CMakeTmp'


Detecting CXX compiler ABI info compiled with the following output:
Change Dir: /home/s0923330/Datastore/LSD_local/driver_functions_FJC/floodplain_id/build/CMakeFiles/CMakeTmp

Run Build Command:/usr/bin/gmake "cmTryCompileExec124246530/fast"
/usr/bin/gmake -f CMakeFiles/cmTryCompileExec124246530.dir/build.make CMakeFiles/cmTryCompileExec124246530.dir/build
gmake[1]: Entering directory `/exports/csce/datastore/geos/users/s0923330/LSD_local/driver_functions_FJC/floodplain_id/build/CMakeFiles/CMakeTmp'
gmake[1]: Warning: File `CMakeFiles/cmTryCompileExec124246530.dir/progress.make' has modification time 0.0011 s in the future
/usr/bin/cmake28 -E cmake_progress_report /home/s0923330/Datastore/LSD_local/driver_functions_FJC/floodplain_id/build/CMakeFiles/CMakeTmp/CMakeFiles 1
Building CXX object CMakeFiles/cmTryCompileExec124246530.dir/CMakeCXXCompilerABI.cpp.o
/usr/bin/c++    -Wno-invalid-offsetof     -o CMakeFiles/cmTryCompileExec124246530.dir/CMakeCXXCompilerABI.cpp.o -c /usr/share/cmake28/Modules/CMakeCXXCompilerABI.cpp
Linking CXX executable cmTryCompileExec124246530
/usr/bin/cmake28 -E cmake_link_script CMakeFiles/cmTryCompileExec124246530.dir/link.txt --verbose=1
/usr/bin/c++     -Wno-invalid-offsetof    -v CMakeFiles/cmTryCompileExec124246530.dir/CMakeCXXCompilerABI.cpp.o  -o cmTryCompileExec124246530 -rdynamic  
Using built-in specs.
Target: x86_64-redhat-linux
Configured with: ../configure --prefix=/usr --mandir=/usr/share/man --infodir=/usr/share/info --with-bugurl=http://bugzilla.redhat.com/bugzilla --enable-bootstrap --enable-shared --enable-threads=posix --enable-checking=release --with-system-zlib --enable-__cxa_atexit --disable-libunwind-exceptions --enable-gnu-unique-object --enable-languages=c,c++,objc,obj-c++,java,fortran,ada --enable-java-awt=gtk --disable-dssi --with-java-home=/usr/lib/jvm/java-1.5.0-gcj-1.5.0.0/jre --enable-libgcj-multifile --enable-java-maintainer-mode --with-ecj-jar=/usr/share/java/eclipse-ecj.jar --disable-libjava-multilib --with-ppl --with-cloog --with-tune=generic --with-arch_32=i686 --build=x86_64-redhat-linux
Thread model: posix
gcc version 4.4.7 20120313 (Red Hat 4.4.7-11) (GCC) 
COMPILER_PATH=/usr/libexec/gcc/x86_64-redhat-linux/4.4.7/:/usr/libexec/gcc/x86_64-redhat-linux/4.4.7/:/usr/libexec/gcc/x86_64-redhat-linux/:/usr/lib/gcc/x86_64-redhat-linux/4.4.7/:/usr/lib/gcc/x86_64-redhat-linux/:/usr/libexec/gcc/x86_64-redhat-linux/4.4.7/:/usr/libexec/gcc/x86_64-redhat-linux/:/usr/lib/gcc/x86_64-redhat-linux/4.4.7/:/usr/lib/gcc/x86_64-redhat-linux/
LIBRARY_PATH=/usr/lib/gcc/x86_64-redhat-linux/4.4.7/:/usr/lib/gcc/x86_64-redhat-linux/4.4.7/:/usr/lib/gcc/x86_64-redhat-linux/4.4.7/../../../../lib64/:/lib/../lib64/:/usr/lib/../lib64/:/usr/lib/gcc/x86_64-redhat-linux/4.4.7/../../../:/lib/:/usr/lib/
COLLECT_GCC_OPTIONS='-Wno-invalid-offsetof' '-v' '-o' 'cmTryCompileExec124246530' '-rdynamic' '-shared-libgcc' '-mtune=generic'
 /usr/libexec/gcc/x86_64-redhat-linux/4.4.7/collect2 --eh-frame-hdr --build-id -m elf_x86_64 --hash-style=gnu -export-dynamic -dynamic-linker /lib64/ld-linux-x86-64.so.2 -o cmTryCompileExec124246530 /usr/lib/gcc/x86_64-redhat-linux/4.4.7/../../../../lib64/crt1.o /usr/lib/gcc/x86_64-redhat-linux/4.4.7/../../../../lib64/crti.o /usr/lib/gcc/x86_64-redhat-linux/4.4.7/crtbegin.o -L/usr/lib/gcc/x86_64-redhat-linux/4.4.7 -L/usr/lib/gcc/x86_64-redhat-linux/4.4.7 -L/usr/lib/gcc/x86_64-redhat-linux/4.4.7/../../../../lib64 -L/lib/../lib64 -L/usr/lib/../lib64 -L/usr/lib/gcc/x86_64-redhat-linux/4.4.7/../../.. CMakeFiles/cmTryCompileExec124246530.dir/CMakeCXXCompilerABI.cpp.o -lstdc++ -lm -lgcc_s -lgcc -lc -lgcc_s -lgcc /usr/lib/gcc/x86_64-redhat-linux/4.4.7/crtend.o /usr/lib/gcc/x86_64-redhat-linux/4.4.7/../../../../lib64/crtn.o
gmake[1]: warning:  Clock skew detected.  Your build may be incomplete.
gmake[1]: Leaving directory `/exports/csce/datastore/geos/users/s0923330/LSD_local/driver_functions_FJC/floodplain_id/build/CMakeFiles/CMakeTmp'


Parsed CXX implicit link information from above output:
  link line regex: [^( *|.*[/\])(ld|ld|collect2)[^/\]*( |$)]
  ignore line: [Change Dir: /home/s0923330/Datastore/LSD_local/driver_functions_FJC/floodplain_id/build/CMakeFiles/CMakeTmp]
  ignore line: []
  ignore line: [Run Build Command:/usr/bin/gmake "cmTryCompileExec124246530/fast"]
  ignore line: [/usr/bin/gmake -f CMakeFiles/cmTryCompileExec124246530.dir/build.make CMakeFiles/cmTryCompileExec124246530.dir/build]
  ignore line: [gmake[1]: Entering directory `/exports/csce/datastore/geos/users/s0923330/LSD_local/driver_functions_FJC/floodplain_id/build/CMakeFiles/CMakeTmp']
  ignore line: [gmake[1]: Warning: File `CMakeFiles/cmTryCompileExec124246530.dir/progress.make' has modification time 0.0011 s in the future]
  ignore line: [/usr/bin/cmake28 -E cmake_progress_report /home/s0923330/Datastore/LSD_local/driver_functions_FJC/floodplain_id/build/CMakeFiles/CMakeTmp/CMakeFiles 1]
  ignore line: [Building CXX object CMakeFiles/cmTryCompileExec124246530.dir/CMakeCXXCompilerABI.cpp.o]
  ignore line: [/usr/bin/c++    -Wno-invalid-offsetof     -o CMakeFiles/cmTryCompileExec124246530.dir/CMakeCXXCompilerABI.cpp.o -c /usr/share/cmake28/Modules/CMakeCXXCompilerABI.cpp]
  ignore line: [Linking CXX executable cmTryCompileExec124246530]
  ignore line: [/usr/bin/cmake28 -E cmake_link_script CMakeFiles/cmTryCompileExec124246530.dir/link.txt --verbose=1]
  ignore line: [/usr/bin/c++     -Wno-invalid-offsetof    -v CMakeFiles/cmTryCompileExec124246530.dir/CMakeCXXCompilerABI.cpp.o  -o cmTryCompileExec124246530 -rdynamic  ]
  ignore line: [Using built-in specs.]
  ignore line: [Target: x86_64-redhat-linux]
  ignore line: [Configured with: ../configure --prefix=/usr --mandir=/usr/share/man --infodir=/usr/share/info --with-bugurl=http://bugzilla.redhat.com/bugzilla --enable-bootstrap --enable-shared --enable-threads=posix --enable-checking=release --with-system-zlib --enable-__cxa_atexit --disable-libunwind-exceptions --enable-gnu-unique-object --enable-languages=c,c++,objc,obj-c++,java,fortran,ada --enable-java-awt=gtk --disable-dssi --with-java-home=/usr/lib/jvm/java-1.5.0-gcj-1.5.0.0/jre --enable-libgcj-multifile --enable-java-maintainer-mode --with-ecj-jar=/usr/share/java/eclipse-ecj.jar --disable-libjava-multilib --with-ppl --with-cloog --with-tune=generic --with-arch_32=i686 --build=x86_64-redhat-linux]
  ignore line: [Thread model: posix]
  ignore line: [gcc version 4.4.7 20120313 (Red Hat 4.4.7-11) (GCC) ]
  ignore line: [COMPILER_PATH=/usr/libexec/gcc/x86_64-redhat-linux/4.4.7/:/usr/libexec/gcc/x86_64-redhat-linux/4.4.7/:/usr/libexec/gcc/x86_64-redhat-linux/:/usr/lib/gcc/x86_64-redhat-linux/4.4.7/:/usr/lib/gcc/x86_64-redhat-linux/:/usr/libexec/gcc/x86_64-redhat-linux/4.4.7/:/usr/libexec/gcc/x86_64-redhat-linux/:/usr/lib/gcc/x86_64-redhat-linux/4.4.7/:/usr/lib/gcc/x86_64-redhat-linux/]
  ignore line: [LIBRARY_PATH=/usr/lib/gcc/x86_64-redhat-linux/4.4.7/:/usr/lib/gcc/x86_64-redhat-linux/4.4.7/:/usr/lib/gcc/x86_64-redhat-linux/4.4.7/../../../../lib64/:/lib/../lib64/:/usr/lib/../lib64/:/usr/lib/gcc/x86_64-redhat-linux/4.4.7/../../../:/lib/:/usr/lib/]
  ignore line: [COLLECT_GCC_OPTIONS='-Wno-invalid-offsetof' '-v' '-o' 'cmTryCompileExec124246530' '-rdynamic' '-shared-libgcc' '-mtune=generic']
  link line: [ /usr/libexec/gcc/x86_64-redhat-linux/4.4.7/collect2 --eh-frame-hdr --build-id -m elf_x86_64 --hash-style=gnu -export-dynamic -dynamic-linker /lib64/ld-linux-x86-64.so.2 -o cmTryCompileExec124246530 /usr/lib/gcc/x86_64-redhat-linux/4.4.7/../../../../lib64/crt1.o /usr/lib/gcc/x86_64-redhat-linux/4.4.7/../../../../lib64/crti.o /usr/lib/gcc/x86_64-redhat-linux/4.4.7/crtbegin.o -L/usr/lib/gcc/x86_64-redhat-linux/4.4.7 -L/usr/lib/gcc/x86_64-redhat-linux/4.4.7 -L/usr/lib/gcc/x86_64-redhat-linux/4.4.7/../../../../lib64 -L/lib/../lib64 -L/usr/lib/../lib64 -L/usr/lib/gcc/x86_64-redhat-linux/4.4.7/../../.. CMakeFiles/cmTryCompileExec124246530.dir/CMakeCXXCompilerABI.cpp.o -lstdc++ -lm -lgcc_s -lgcc -lc -lgcc_s -lgcc /usr/lib/gcc/x86_64-redhat-linux/4.4.7/crtend.o /usr/lib/gcc/x86_64-redhat-linux/4.4.7/../../../../lib64/crtn.o]
    arg [/usr/libexec/gcc/x86_64-redhat-linux/4.4.7/collect2] ==> ignore
    arg [--eh-frame-hdr] ==> ignore
    arg [--build-id] ==> ignore
    arg [-m] ==> ignore
    arg [elf_x86_64] ==> ignore
    arg [--hash-style=gnu] ==> ignore
    arg [-export-dynamic] ==> ignore
    arg [-dynamic-linker] ==> ignore
    arg [/lib64/ld-linux-x86-64.so.2] ==> ignore
    arg [-o] ==> ignore
    arg [cmTryCompileExec124246530] ==> ignore
    arg [/usr/lib/gcc/x86_64-redhat-linux/4.4.7/../../../../lib64/crt1.o] ==> ignore
    arg [/usr/lib/gcc/x86_64-redhat-linux/4.4.7/../../../../lib64/crti.o] ==> ignore
    arg [/usr/lib/gcc/x86_64-redhat-linux/4.4.7/crtbegin.o] ==> ignore
    arg [-L/usr/lib/gcc/x86_64-redhat-linux/4.4.7] ==> dir [/usr/lib/gcc/x86_64-redhat-linux/4.4.7]
    arg [-L/usr/lib/gcc/x86_64-redhat-linux/4.4.7] ==> dir [/usr/lib/gcc/x86_64-redhat-linux/4.4.7]
    arg [-L/usr/lib/gcc/x86_64-redhat-linux/4.4.7/../../../../lib64] ==> dir [/usr/lib/gcc/x86_64-redhat-linux/4.4.7/../../../../lib64]
    arg [-L/lib/../lib64] ==> dir [/lib/../lib64]
    arg [-L/usr/lib/../lib64] ==> dir [/usr/lib/../lib64]
    arg [-L/usr/lib/gcc/x86_64-redhat-linux/4.4.7/../../..] ==> dir [/usr/lib/gcc/x86_64-redhat-linux/4.4.7/../../..]
    arg [CMakeFiles/cmTryCompileExec124246530.dir/CMakeCXXCompilerABI.cpp.o] ==> ignore
    arg [-lstdc++] ==> lib [stdc++]
    arg [-lm] ==> lib [m]
    arg [-lgcc_s] ==> lib [gcc_s]
    arg [-lgcc] ==> lib [gcc]
    arg [-lc] ==> lib [c]
    arg [-lgcc_s] ==> lib [gcc_s]
    arg [-lgcc] ==> lib [gcc]
    arg [/usr/lib/gcc/x86_64-redhat-linux/4.4.7/crtend.o] ==> ignore
    arg [/usr/lib/gcc/x86_64-redhat-linux/4.4.7/../../../../lib64/crtn.o] ==> ignore
  remove lib [gcc_s]
  remove lib [gcc]
  remove lib [gcc_s]
  remove lib [gcc]
  collapse library dir [/usr/lib/gcc/x86_64-redhat-linux/4.4.7] ==> [/usr/lib/gcc/x86_64-redhat-linux/4.4.7]
  collapse library dir [/usr/lib/gcc/x86_64-redhat-linux/4.4.7] ==> [/usr/lib/gcc/x86_64-redhat-linux/4.4.7]
  collapse library dir [/usr/lib/gcc/x86_64-redhat-linux/4.4.7/../../../../lib64] ==> [/usr/lib64]
  collapse library dir [/lib/../lib64] ==> [/lib64]
  collapse library dir [/usr/lib/../lib64] ==> [/usr/lib64]
  collapse library dir [/usr/lib/gcc/x86_64-redhat-linux/4.4.7/../../..] ==> [/usr/lib]
  implicit libs: [stdc++;m;c]
  implicit dirs: [/usr/lib/gcc/x86_64-redhat-linux/4.4.7;/usr/lib64;/lib64;/usr/lib]
  implicit fwks: []


